<?xml version="1.0" encoding="UTF-8"?>
<!-- Generated by org.testng.reporters.JUnitReportReporter -->
<testsuite skipped="1" hostname="AITLA002488" name="testcase.EditLeadTestcase" tests="1" failures="0" timestamp="2021-04-27T23:20:14 IST" time="0.000" errors="0">
  <testcase name="runEditLead" time="0.000" classname="testcase.EditLeadTestcase">
    <skipped/>
  </testcase> <!-- runEditLead -->
  <system-out/>
</testsuite> <!-- testcase.EditLeadTestcase -->
