<?xml version="1.0" encoding="UTF-8"?>
<!-- Generated by org.testng.reporters.JUnitReportReporter -->
<testsuite skipped="0" hostname="AITLA002488" name="testcase.LoginAndLogout" tests="1" failures="0" timestamp="2021-04-27T23:11:06 IST" time="15.714" errors="0">
  <testcase name="loginlogout" time="15.714" classname="testcase.LoginAndLogout"/>
  <system-out/>
</testsuite> <!-- testcase.LoginAndLogout -->
