<?xml version="1.0" encoding="UTF-8"?>
<!-- Generated by org.testng.reporters.JUnitReportReporter -->
<testsuite skipped="0" hostname="AITLA002488" name="testcase.CreateLeadTestCase" tests="2" failures="0" timestamp="2021-04-27T23:09:25 IST" time="67.228" errors="0">
  <testcase name="runCreateLead" time="36.772" classname="testcase.CreateLeadTestCase"/>
  <system-out/>
  <testcase name="runCreateLead" time="30.456" classname="testcase.CreateLeadTestCase"/>
  <system-out/>
</testsuite> <!-- testcase.CreateLeadTestCase -->
