<?xml version="1.0" encoding="UTF-8"?>
<!-- Generated by org.testng.reporters.JUnitReportReporter -->
<testsuite skipped="0" hostname="AITLA002488" name="testcase.DeleteLeadTestcase" tests="1" failures="0" timestamp="2021-04-28T11:10:23 IST" time="57.950" errors="0">
  <testcase name="runDeleteLead" time="57.950" classname="testcase.DeleteLeadTestcase"/>
  <system-out/>
</testsuite> <!-- testcase.DeleteLeadTestcase -->
